Flow report for lab8
Fri May 11 11:13:52 2018
Quartus II 64-Bit Version 15.0.0 Build 145 04/22/2015 SJ Web Edition


---------------------
; Table of Contents ;
---------------------
  1. Legal Notice
  2. Flow Summary
  3. Flow Settings
  4. Flow Non-Default Global Settings
  5. Flow Elapsed Time
  6. Flow OS Summary
  7. Flow Log
  8. Flow Messages
  9. Flow Suppressed Messages



----------------
; Legal Notice ;
----------------
Copyright (C) 1991-2015 Altera Corporation. All rights reserved.
Your use of Altera Corporation's design tools, logic functions 
and other software and tools, and its AMPP partner logic 
functions, and any output files from any of the foregoing 
(including device programming or simulation files), and any 
associated documentation or information are expressly subject 
to the terms and conditions of the Altera Program License 
Subscription Agreement, the Altera Quartus II License Agreement,
the Altera MegaCore Function License Agreement, or other 
applicable license agreement, including, without limitation, 
that your use is for the sole purpose of programming logic 
devices manufactured by Altera and sold by Altera or its 
authorized distributors.  Please refer to the applicable 
agreement for further details.



+---------------------------------------------------------------------------------+
; Flow Summary                                                                    ;
+------------------------------------+--------------------------------------------+
; Flow Status                        ; Successful - Fri May 11 11:13:52 2018      ;
; Quartus II 64-Bit Version          ; 15.0.0 Build 145 04/22/2015 SJ Web Edition ;
; Revision Name                      ; lab8                                       ;
; Top-level Entity Name              ; two_cars_top                               ;
; Family                             ; Cyclone IV E                               ;
; Device                             ; EP4CE115F29C7                              ;
; Timing Models                      ; Final                                      ;
; Total logic elements               ; 9,023 / 114,480 ( 8 % )                    ;
;     Total combinational functions  ; 8,224 / 114,480 ( 7 % )                    ;
;     Dedicated logic registers      ; 3,406 / 114,480 ( 3 % )                    ;
; Total registers                    ; 3525                                       ;
; Total pins                         ; 258 / 529 ( 49 % )                         ;
; Total virtual pins                 ; 0                                          ;
; Total memory bits                  ; 464,192 / 3,981,312 ( 12 % )               ;
; Embedded Multiplier 9-bit elements ; 0 / 532 ( 0 % )                            ;
; Total PLLs                         ; 3 / 4 ( 75 % )                             ;
+------------------------------------+--------------------------------------------+


+-----------------------------------------+
; Flow Settings                           ;
+-------------------+---------------------+
; Option            ; Setting             ;
+-------------------+---------------------+
; Start date & time ; 05/11/2018 11:10:49 ;
; Main task         ; Compilation         ;
; Revision Name     ; lab8                ;
+-------------------+---------------------+


+------------------------------------------------------------------------------------------------------------------------------------------------------+
; Flow Non-Default Global Settings                                                                                                                     ;
+--------------------------------------+------------------------------------------------------------+---------------+-----------------+----------------+
; Assignment Name                      ; Value                                                      ; Default Value ; Entity Name     ; Section Id     ;
+--------------------------------------+------------------------------------------------------------+---------------+-----------------+----------------+
; COMPILER_SIGNATURE_ID                ; 88623642804079.152605504907056                             ; --            ; --              ; --             ;
; EDA_DESIGN_INSTANCE_NAME             ; NA                                                         ; --            ; --              ; testbench      ;
; EDA_NATIVELINK_SIMULATION_TEST_BENCH ; testbench                                                  ; --            ; --              ; eda_simulation ;
; EDA_OUTPUT_DATA_FORMAT               ; Systemverilog Hdl                                          ; --            ; --              ; eda_simulation ;
; EDA_SIMULATION_TOOL                  ; ModelSim-Altera (SystemVerilog)                            ; <None>        ; --              ; --             ;
; EDA_TEST_BENCH_ENABLE_STATUS         ; TEST_BENCH_MODE                                            ; --            ; --              ; eda_simulation ;
; EDA_TEST_BENCH_FILE                  ; testbench.sv                                               ; --            ; --              ; testbench      ;
; EDA_TEST_BENCH_MODULE_NAME           ; testbench                                                  ; --            ; --              ; testbench      ;
; EDA_TEST_BENCH_NAME                  ; testbench                                                  ; --            ; --              ; eda_simulation ;
; EDA_TEST_BENCH_RUN_SIM_FOR           ; 10000 ns                                                   ; --            ; --              ; testbench      ;
; ENABLE_SIGNALTAP                     ; On                                                         ; --            ; --              ; --             ;
; MAX_CORE_JUNCTION_TEMP               ; 85                                                         ; --            ; --              ; --             ;
; MIN_CORE_JUNCTION_TEMP               ; 0                                                          ; --            ; --              ; --             ;
; MISC_FILE                            ; lab8_soc/synthesis/../lab8_soc.cmp                         ; --            ; --              ; --             ;
; MISC_FILE                            ; lab8_soc/synthesis/../../lab8_soc.qsys                     ; --            ; --              ; --             ;
; MISC_FILE                            ; vga_clk.ppf                                                ; --            ; --              ; --             ;
; PARTITION_COLOR                      ; 16764057                                                   ; --            ; DE2_115_Default ; Top            ;
; PARTITION_COLOR                      ; 16764057                                                   ; --            ; two_cars_top    ; Top            ;
; PARTITION_FITTER_PRESERVATION_LEVEL  ; PLACEMENT_AND_ROUTING                                      ; --            ; DE2_115_Default ; Top            ;
; PARTITION_FITTER_PRESERVATION_LEVEL  ; PLACEMENT_AND_ROUTING                                      ; --            ; two_cars_top    ; Top            ;
; PARTITION_NETLIST_TYPE               ; SOURCE                                                     ; --            ; DE2_115_Default ; Top            ;
; PARTITION_NETLIST_TYPE               ; SOURCE                                                     ; --            ; two_cars_top    ; Top            ;
; POWER_BOARD_THERMAL_MODEL            ; None (CONSERVATIVE)                                        ; --            ; --              ; --             ;
; POWER_PRESET_COOLING_SOLUTION        ; 23 MM HEAT SINK WITH 200 LFPM AIRFLOW                      ; --            ; --              ; --             ;
; SLD_FILE                             ; lab8_soc/synthesis/lab8_soc.regmap                         ; --            ; --              ; --             ;
; SLD_FILE                             ; lab8_soc/synthesis/lab8_soc.debuginfo                      ; --            ; --              ; --             ;
; SLD_FILE                             ; db/stp1_auto_stripped.stp                                  ; --            ; --              ; --             ;
; SLD_INFO                             ; QSYS_NAME lab8_soc HAS_SOPCINFO 1 GENERATION_ID 1525401004 ; --            ; lab8_soc        ; --             ;
; SOPCINFO_FILE                        ; lab8_soc/synthesis/../../lab8_soc.sopcinfo                 ; --            ; --              ; --             ;
; SYNTHESIS_ONLY_QIP                   ; On                                                         ; --            ; --              ; --             ;
; TOP_LEVEL_ENTITY                     ; two_cars_top                                               ; lab8          ; --              ; --             ;
; USE_SIGNALTAP_FILE                   ; stp1.stp                                                   ; --            ; --              ; --             ;
+--------------------------------------+------------------------------------------------------------+---------------+-----------------+----------------+


+-------------------------------------------------------------------------------------------------------------------------------+
; Flow Elapsed Time                                                                                                             ;
+---------------------------+--------------+-------------------------+---------------------+------------------------------------+
; Module Name               ; Elapsed Time ; Average Processors Used ; Peak Virtual Memory ; Total CPU Time (on all processors) ;
+---------------------------+--------------+-------------------------+---------------------+------------------------------------+
; Analysis & Synthesis      ; 00:01:22     ; 1.0                     ; 991 MB              ; 00:01:48                           ;
; Fitter                    ; 00:01:04     ; 2.1                     ; 1898 MB             ; 00:01:52                           ;
; Assembler                 ; 00:00:05     ; 1.0                     ; 720 MB              ; 00:00:05                           ;
; TimeQuest Timing Analyzer ; 00:00:07     ; 1.7                     ; 995 MB              ; 00:00:09                           ;
; EDA Netlist Writer        ; 00:00:10     ; 1.0                     ; 762 MB              ; 00:00:09                           ;
; Total                     ; 00:02:48     ; --                      ; --                  ; 00:04:03                           ;
+---------------------------+--------------+-------------------------+---------------------+------------------------------------+


+----------------------------------------------------------------------------------------+
; Flow OS Summary                                                                        ;
+---------------------------+------------------+-----------+------------+----------------+
; Module Name               ; Machine Hostname ; OS Name   ; OS Version ; Processor type ;
+---------------------------+------------------+-----------+------------+----------------+
; Analysis & Synthesis      ; Mohit-Inspiron   ; Windows 7 ; 6.2        ; x86_64         ;
; Fitter                    ; Mohit-Inspiron   ; Windows 7 ; 6.2        ; x86_64         ;
; Assembler                 ; Mohit-Inspiron   ; Windows 7 ; 6.2        ; x86_64         ;
; TimeQuest Timing Analyzer ; Mohit-Inspiron   ; Windows 7 ; 6.2        ; x86_64         ;
; EDA Netlist Writer        ; Mohit-Inspiron   ; Windows 7 ; 6.2        ; x86_64         ;
+---------------------------+------------------+-----------+------------+----------------+


------------
; Flow Log ;
------------
quartus_map --read_settings_files=on --write_settings_files=off lab8 -c lab8
quartus_fit --read_settings_files=off --write_settings_files=off lab8 -c lab8
quartus_asm --read_settings_files=off --write_settings_files=off lab8 -c lab8
quartus_sta lab8 -c lab8
quartus_eda --read_settings_files=off --write_settings_files=off lab8 -c lab8



